[debug] [2021-04-29T17:26:10.782Z] ----------------------------------------------------------------------
[debug] [2021-04-29T17:26:10.785Z] Command:       C:\Program Files\nodejs\node.exe C:\Users\adi81\AppData\Roaming\npm\node_modules\firebase-tools\lib\bin\firebase.js login --interactive
[debug] [2021-04-29T17:26:10.786Z] CLI Version:   9.10.0
[debug] [2021-04-29T17:26:10.786Z] Platform:      win32
[debug] [2021-04-29T17:26:10.786Z] Node Version:  v14.16.0
[debug] [2021-04-29T17:26:10.787Z] Time:          Thu Apr 29 2021 22:56:10 GMT+0530 (India Standard Time)
[debug] [2021-04-29T17:26:10.788Z] ----------------------------------------------------------------------
[debug] 
[info] i  Firebase optionally collects CLI usage and error reporting information to help improve our products. Data is collected in accordance with Google's privacy policy (https://policies.google.com/privacy) and is not used to identify you.
 
[info] i  To change your data collection preference at any time, run `firebase logout` and log in again. 
[info] 
[info] Visit this URL on this device to log in:
[info] https://accounts.google.com/o/oauth2/auth?client_id=563584335869-fgrhgmd47bqnekij5i8b5pr03ho849e6.apps.googleusercontent.com&scope=email%20openid%20https%3A%2F%2Fwww.googleapis.com%2Fauth%2Fcloudplatformprojects.readonly%20https%3A%2F%2Fwww.googleapis.com%2Fauth%2Ffirebase%20https%3A%2F%2Fwww.googleapis.com%2Fauth%2Fcloud-platform&response_type=code&state=744043446&redirect_uri=http%3A%2F%2Flocalhost%3A9005
[info] 
[info] Waiting for authentication...
[debug] [2021-04-29T17:26:16.633Z] Error: spawn cmd ENOENT
    at Process.ChildProcess._handle.onexit (internal/child_process.js:269:19)
    at onErrorNT (internal/child_process.js:465:16)
    at processTicksAndRejections (internal/process/task_queues.js:80:21)
[error] 
[error] Error: An unexpected error has occurred.
[debug] [2021-04-29T17:29:31.454Z] ----------------------------------------------------------------------
[debug] [2021-04-29T17:29:31.459Z] Command:       C:\Program Files\nodejs\node.exe C:\Users\adi81\AppData\Roaming\npm\node_modules\firebase-tools\lib\bin\firebase.js login --interactive
[debug] [2021-04-29T17:29:31.460Z] CLI Version:   9.10.0
[debug] [2021-04-29T17:29:31.460Z] Platform:      win32
[debug] [2021-04-29T17:29:31.460Z] Node Version:  v14.16.0
[debug] [2021-04-29T17:29:31.462Z] Time:          Thu Apr 29 2021 22:59:31 GMT+0530 (India Standard Time)
[debug] [2021-04-29T17:29:31.462Z] ----------------------------------------------------------------------
[debug] 
[info] i  Firebase optionally collects CLI usage and error reporting information to help improve our products. Data is collected in accordance with Google's privacy policy (https://policies.google.com/privacy) and is not used to identify you.
 
[info] i  To change your data collection preference at any time, run `firebase logout` and log in again. 
[info] 
[info] Visit this URL on this device to log in:
[info] https://accounts.google.com/o/oauth2/auth?client_id=563584335869-fgrhgmd47bqnekij5i8b5pr03ho849e6.apps.googleusercontent.com&scope=email%20openid%20https%3A%2F%2Fwww.googleapis.com%2Fauth%2Fcloudplatformprojects.readonly%20https%3A%2F%2Fwww.googleapis.com%2Fauth%2Ffirebase%20https%3A%2F%2Fwww.googleapis.com%2Fauth%2Fcloud-platform&response_type=code&state=739552414&redirect_uri=http%3A%2F%2Flocalhost%3A9005
[info] 
[info] Waiting for authentication...
[debug] [2021-04-29T17:29:35.103Z] Error: spawn cmd ENOENT
    at Process.ChildProcess._handle.onexit (internal/child_process.js:269:19)
    at onErrorNT (internal/child_process.js:465:16)
    at processTicksAndRejections (internal/process/task_queues.js:80:21)
[error] 
[error] Error: An unexpected error has occurred.
[debug] [2021-04-29T17:32:58.961Z] ----------------------------------------------------------------------
[debug] [2021-04-29T17:32:58.963Z] Command:       C:\Program Files\nodejs\node.exe C:\Users\adi81\AppData\Roaming\npm\node_modules\firebase-tools\lib\bin\firebase.js login --interactive
[debug] [2021-04-29T17:32:58.963Z] CLI Version:   9.10.0
[debug] [2021-04-29T17:32:58.964Z] Platform:      win32
[debug] [2021-04-29T17:32:58.964Z] Node Version:  v14.16.0
[debug] [2021-04-29T17:32:58.965Z] Time:          Thu Apr 29 2021 23:02:58 GMT+0530 (India Standard Time)
[debug] [2021-04-29T17:32:58.965Z] ----------------------------------------------------------------------
[debug] 
[info] i  Firebase optionally collects CLI usage and error reporting information to help improve our products. Data is collected in accordance with Google's privacy policy (https://policies.google.com/privacy) and is not used to identify you.
 
[info] i  To change your data collection preference at any time, run `firebase logout` and log in again. 
[info] 
[info] Visit this URL on this device to log in:
[info] https://accounts.google.com/o/oauth2/auth?client_id=563584335869-fgrhgmd47bqnekij5i8b5pr03ho849e6.apps.googleusercontent.com&scope=email%20openid%20https%3A%2F%2Fwww.googleapis.com%2Fauth%2Fcloudplatformprojects.readonly%20https%3A%2F%2Fwww.googleapis.com%2Fauth%2Ffirebase%20https%3A%2F%2Fwww.googleapis.com%2Fauth%2Fcloud-platform&response_type=code&state=214140753&redirect_uri=http%3A%2F%2Flocalhost%3A9005
[info] 
[info] Waiting for authentication...
[debug] [2021-04-29T17:33:02.718Z] Error: spawn cmd ENOENT
    at Process.ChildProcess._handle.onexit (internal/child_process.js:269:19)
    at onErrorNT (internal/child_process.js:465:16)
    at processTicksAndRejections (internal/process/task_queues.js:80:21)
[error] 
[error] Error: An unexpected error has occurred.
[debug] [2021-04-29T17:33:08.673Z] ----------------------------------------------------------------------
[debug] [2021-04-29T17:33:08.676Z] Command:       C:\Program Files\nodejs\node.exe C:\Users\adi81\AppData\Roaming\npm\node_modules\firebase-tools\lib\bin\firebase.js login --interactive
[debug] [2021-04-29T17:33:08.676Z] CLI Version:   9.10.0
[debug] [2021-04-29T17:33:08.676Z] Platform:      win32
[debug] [2021-04-29T17:33:08.676Z] Node Version:  v14.16.0
[debug] [2021-04-29T17:33:08.677Z] Time:          Thu Apr 29 2021 23:03:08 GMT+0530 (India Standard Time)
[debug] [2021-04-29T17:33:08.677Z] ----------------------------------------------------------------------
[debug] 
[info] i  Firebase optionally collects CLI usage and error reporting information to help improve our products. Data is collected in accordance with Google's privacy policy (https://policies.google.com/privacy) and is not used to identify you.
 
[info] i  To change your data collection preference at any time, run `firebase logout` and log in again. 
[info] 
[info] Visit this URL on this device to log in:
[info] https://accounts.google.com/o/oauth2/auth?client_id=563584335869-fgrhgmd47bqnekij5i8b5pr03ho849e6.apps.googleusercontent.com&scope=email%20openid%20https%3A%2F%2Fwww.googleapis.com%2Fauth%2Fcloudplatformprojects.readonly%20https%3A%2F%2Fwww.googleapis.com%2Fauth%2Ffirebase%20https%3A%2F%2Fwww.googleapis.com%2Fauth%2Fcloud-platform&response_type=code&state=55405130&redirect_uri=http%3A%2F%2Flocalhost%3A9005
[info] 
[info] Waiting for authentication...
[debug] [2021-04-29T17:33:11.289Z] Error: spawn cmd ENOENT
    at Process.ChildProcess._handle.onexit (internal/child_process.js:269:19)
    at onErrorNT (internal/child_process.js:465:16)
    at processTicksAndRejections (internal/process/task_queues.js:80:21)
[error] 
[error] Error: An unexpected error has occurred.
